<?xml version="1.0" encoding="UTF-8"?>
<testng-results skipped="0" failed="0" ignored="0" total="1" passed="1">
  <reporter-output>
  </reporter-output>
  <suite name="Default suite" duration-ms="7976" started-at="2021-08-25T02:59:15 EET" finished-at="2021-08-25T02:59:23 EET">
    <groups>
    </groups>
    <test name="Default test" duration-ms="7976" started-at="2021-08-25T02:59:15 EET" finished-at="2021-08-25T02:59:23 EET">
      <class name="tests.AddUser">
        <test-method status="PASS" signature="setup()[pri:0, instance:tests.AddUser@458c1321]" name="setup" is-config="true" duration-ms="15540" started-at="2021-08-25T02:59:00 EET" finished-at="2021-08-25T02:59:15 EET">
          <reporter-output>
          </reporter-output>
        </test-method> <!-- setup -->
        <test-method status="PASS" signature="Adduser()[pri:1, instance:tests.AddUser@458c1321]" name="Adduser" duration-ms="7908" started-at="2021-08-25T02:59:15 EET" finished-at="2021-08-25T02:59:23 EET">
          <reporter-output>
          </reporter-output>
        </test-method> <!-- Adduser -->
        <test-method status="PASS" signature="Closedriver()[pri:0, instance:tests.AddUser@458c1321]" name="Closedriver" is-config="true" duration-ms="272" started-at="2021-08-25T02:59:23 EET" finished-at="2021-08-25T02:59:23 EET">
          <reporter-output>
          </reporter-output>
        </test-method> <!-- Closedriver -->
      </class> <!-- tests.AddUser -->
    </test> <!-- Default test -->
  </suite> <!-- Default suite -->
</testng-results>
